(0000) 3000  0011000000000000 (   6)                 .ORIG x3000
(3000) E016  1110000000010110 (   7)                 LEA   R0 INPUT_STR
(3001) F022  1111000000100010 (   8)                 TRAP  x22
(3002) 1260  0001001001100000 (   9)                 ADD   R1 R1 #0
(3003) E233  1110001000110011 (  10)                 LEA   R1 MEM
(3004) F020  1111000000100000 (  12) INPUT_LOOP      TRAP  x20
(3005) F021  1111000000100001 (  13)                 TRAP  x21
(3006) 262D  0010011000101101 (  15)                 LD    R3 ENTER
(3007) 16C0  0001011011000000 (  16)                 ADD   R3 R3 R0
(3008) 0409  0000010000001001 (  17)                 BRZ   SHOW
(3009) 242B  0010010000101011 (  19)                 LD    R2 CHECK
(300A) 1402  0001010000000010 (  20)                 ADD   R2 R0 R2
(300B) 0603  0000011000000011 (  21)                 BRZP  CONVERT
(300C) 7040  0111000001000000 (  23) SAVE            STR   R0 R1 #0
(300D) 1261  0001001001100001 (  24)                 ADD   R1 R1 #1
(300E) 0FF5  0000111111110101 (  25)                 BRNZP INPUT_LOOP
(300F) 2426  0010010000100110 (  27) CONVERT         LD    R2 CAP
(3010) 1002  0001000000000010 (  28)                 ADD   R0 R0 R2
(3011) 0FFA  0000111111111010 (  29)                 BRNZP SAVE
(3012) E018  1110000000011000 (  31) SHOW            LEA   R0 OUTPUT_STR
(3013) F022  1111000000100010 (  32)                 TRAP  x22
(3014) E022  1110000000100010 (  33)                 LEA   R0 MEM
(3015) F022  1111000000100010 (  34)                 TRAP  x22
(3016) F025  1111000000100101 (  35)                 TRAP  x25
(3017) 0049  0000000001001001 (  36) INPUT_STR       .FILL x0049
(3018) 006E  0000000001101110 (  36)                 .FILL x006E
(3019) 0070  0000000001110000 (  36)                 .FILL x0070
(301A) 0075  0000000001110101 (  36)                 .FILL x0075
(301B) 0074  0000000001110100 (  36)                 .FILL x0074
(301C) 0020  0000000000100000 (  36)                 .FILL x0020
(301D) 0079  0000000001111001 (  36)                 .FILL x0079
(301E) 006F  0000000001101111 (  36)                 .FILL x006F
(301F) 0075  0000000001110101 (  36)                 .FILL x0075
(3020) 0072  0000000001110010 (  36)                 .FILL x0072
(3021) 0020  0000000000100000 (  36)                 .FILL x0020
(3022) 0073  0000000001110011 (  36)                 .FILL x0073
(3023) 0074  0000000001110100 (  36)                 .FILL x0074
(3024) 0072  0000000001110010 (  36)                 .FILL x0072
(3025) 0069  0000000001101001 (  36)                 .FILL x0069
(3026) 006E  0000000001101110 (  36)                 .FILL x006E
(3027) 0067  0000000001100111 (  36)                 .FILL x0067
(3028) 003A  0000000000111010 (  36)                 .FILL x003A
(3029) 0020  0000000000100000 (  36)                 .FILL x0020
(302A) 0000  0000000000000000 (  36)                 .FILL x0000
(302B) 0052  0000000001010010 (  37) OUTPUT_STR      .FILL x0052
(302C) 0065  0000000001100101 (  37)                 .FILL x0065
(302D) 0073  0000000001110011 (  37)                 .FILL x0073
(302E) 0075  0000000001110101 (  37)                 .FILL x0075
(302F) 006C  0000000001101100 (  37)                 .FILL x006C
(3030) 0074  0000000001110100 (  37)                 .FILL x0074
(3031) 003A  0000000000111010 (  37)                 .FILL x003A
(3032) 0020  0000000000100000 (  37)                 .FILL x0020
(3033) 0000  0000000000000000 (  37)                 .FILL x0000
(3034) FFF6  1111111111110110 (  38) ENTER           .FILL xFFF6
(3035) FF9F  1111111110011111 (  39) CHECK           .FILL xFF9F
(3036) FFE0  1111111111100000 (  40) CAP             .FILL xFFE0
(3037) 0000  0000000000000000 (  42) MEM             .FILL x0000
(3038) 0000  0000000000000000 (  42)                 .FILL x0000
(3039) 0000  0000000000000000 (  42)                 .FILL x0000
(303A) 0000  0000000000000000 (  42)                 .FILL x0000
(303B) 0000  0000000000000000 (  42)                 .FILL x0000
(303C) 0000  0000000000000000 (  42)                 .FILL x0000
(303D) 0000  0000000000000000 (  42)                 .FILL x0000
(303E) 0000  0000000000000000 (  42)                 .FILL x0000
(303F) 0000  0000000000000000 (  42)                 .FILL x0000
(3040) 0000  0000000000000000 (  42)                 .FILL x0000
(3041) 0000  0000000000000000 (  42)                 .FILL x0000
(3042) 0000  0000000000000000 (  42)                 .FILL x0000
(3043) 0000  0000000000000000 (  42)                 .FILL x0000
(3044) 0000  0000000000000000 (  42)                 .FILL x0000
(3045) 0000  0000000000000000 (  42)                 .FILL x0000
(3046) 0000  0000000000000000 (  42)                 .FILL x0000
(3047) 0000  0000000000000000 (  42)                 .FILL x0000
(3048) 0000  0000000000000000 (  42)                 .FILL x0000
(3049) 0000  0000000000000000 (  42)                 .FILL x0000
(304A) 0000  0000000000000000 (  42)                 .FILL x0000
(304B) 0000  0000000000000000 (  42)                 .FILL x0000
(304C) 0000  0000000000000000 (  42)                 .FILL x0000
(304D) 0000  0000000000000000 (  42)                 .FILL x0000
(304E) 0000  0000000000000000 (  42)                 .FILL x0000
(304F) 0000  0000000000000000 (  42)                 .FILL x0000
(3050) 0000  0000000000000000 (  42)                 .FILL x0000
(3051) 0000  0000000000000000 (  42)                 .FILL x0000
(3052) 0000  0000000000000000 (  42)                 .FILL x0000
(3053) 0000  0000000000000000 (  42)                 .FILL x0000
(3054) 0000  0000000000000000 (  42)                 .FILL x0000
(3055) 0000  0000000000000000 (  42)                 .FILL x0000
(3056) 0000  0000000000000000 (  42)                 .FILL x0000
(3057) 0000  0000000000000000 (  42)                 .FILL x0000
(3058) 0000  0000000000000000 (  42)                 .FILL x0000
(3059) 0000  0000000000000000 (  42)                 .FILL x0000
(305A) 0000  0000000000000000 (  42)                 .FILL x0000
(305B) 0000  0000000000000000 (  42)                 .FILL x0000
(305C) 0000  0000000000000000 (  42)                 .FILL x0000
(305D) 0000  0000000000000000 (  42)                 .FILL x0000
(305E) 0000  0000000000000000 (  42)                 .FILL x0000
(305F) 0000  0000000000000000 (  42)                 .FILL x0000
(3060) 0000  0000000000000000 (  42)                 .FILL x0000
(3061) 0000  0000000000000000 (  42)                 .FILL x0000
(3062) 0000  0000000000000000 (  42)                 .FILL x0000
(3063) 0000  0000000000000000 (  42)                 .FILL x0000
(3064) 0000  0000000000000000 (  42)                 .FILL x0000
(3065) 0000  0000000000000000 (  42)                 .FILL x0000
(3066) 0000  0000000000000000 (  42)                 .FILL x0000
(3067) 0000  0000000000000000 (  42)                 .FILL x0000
(3068) 0000  0000000000000000 (  42)                 .FILL x0000
(3069) 0000  0000000000000000 (  42)                 .FILL x0000
(306A) 0000  0000000000000000 (  42)                 .FILL x0000
(306B) 0000  0000000000000000 (  42)                 .FILL x0000
(306C) 0000  0000000000000000 (  42)                 .FILL x0000
(306D) 0000  0000000000000000 (  42)                 .FILL x0000
(306E) 0000  0000000000000000 (  42)                 .FILL x0000
(306F) 0000  0000000000000000 (  42)                 .FILL x0000
(3070) 0000  0000000000000000 (  42)                 .FILL x0000
(3071) 0000  0000000000000000 (  42)                 .FILL x0000
(3072) 0000  0000000000000000 (  42)                 .FILL x0000
(3073) 0000  0000000000000000 (  42)                 .FILL x0000
(3074) 0000  0000000000000000 (  42)                 .FILL x0000
(3075) 0000  0000000000000000 (  42)                 .FILL x0000
(3076) 0000  0000000000000000 (  42)                 .FILL x0000
(3077) 0000  0000000000000000 (  42)                 .FILL x0000
(3078) 0000  0000000000000000 (  42)                 .FILL x0000
(3079) 0000  0000000000000000 (  42)                 .FILL x0000
(307A) 0000  0000000000000000 (  42)                 .FILL x0000
(307B) 0000  0000000000000000 (  42)                 .FILL x0000
(307C) 0000  0000000000000000 (  42)                 .FILL x0000
(307D) 0000  0000000000000000 (  42)                 .FILL x0000
(307E) 0000  0000000000000000 (  42)                 .FILL x0000
(307F) 0000  0000000000000000 (  42)                 .FILL x0000
(3080) 0000  0000000000000000 (  42)                 .FILL x0000
(3081) 0000  0000000000000000 (  42)                 .FILL x0000
(3082) 0000  0000000000000000 (  42)                 .FILL x0000
(3083) 0000  0000000000000000 (  42)                 .FILL x0000
(3084) 0000  0000000000000000 (  42)                 .FILL x0000
(3085) 0000  0000000000000000 (  42)                 .FILL x0000
(3086) 0000  0000000000000000 (  42)                 .FILL x0000
(3087) 0000  0000000000000000 (  42)                 .FILL x0000
(3088) 0000  0000000000000000 (  42)                 .FILL x0000
(3089) 0000  0000000000000000 (  42)                 .FILL x0000
(308A) 0000  0000000000000000 (  42)                 .FILL x0000
(308B) 0000  0000000000000000 (  42)                 .FILL x0000
(308C) 0000  0000000000000000 (  42)                 .FILL x0000
(308D) 0000  0000000000000000 (  42)                 .FILL x0000
(308E) 0000  0000000000000000 (  42)                 .FILL x0000
(308F) 0000  0000000000000000 (  42)                 .FILL x0000
(3090) 0000  0000000000000000 (  42)                 .FILL x0000
(3091) 0000  0000000000000000 (  42)                 .FILL x0000
(3092) 0000  0000000000000000 (  42)                 .FILL x0000
(3093) 0000  0000000000000000 (  42)                 .FILL x0000
(3094) 0000  0000000000000000 (  42)                 .FILL x0000
(3095) 0000  0000000000000000 (  42)                 .FILL x0000
(3096) 0000  0000000000000000 (  42)                 .FILL x0000
(3097) 0000  0000000000000000 (  42)                 .FILL x0000
(3098) 0000  0000000000000000 (  42)                 .FILL x0000
(3099) 0000  0000000000000000 (  42)                 .FILL x0000
(309A) 0000  0000000000000000 (  42)                 .FILL x0000
