(0000) 3000  0011000000000000 (   7)                 .ORIG x3000
(3000) E015  1110000000010101 (  10)                 LEA   R0 INPUT_STR
(3001) F022  1111000000100010 (  11)                 TRAP  x22
(3002) F020  1111000000100000 (  12)                 TRAP  x20
(3003) F021  1111000000100001 (  13)                 TRAP  x21
(3004) 2E0F  0010111000001111 (  17)                 LD    R7 COUNT_REMAIN
(3005) 54A0  0101010010100000 (  21)                 AND   R2 R2 #0
(3006) 14A1  0001010010100001 (  22)                 ADD   R2 R2 #1
(3007) 5DA0  0101110110100000 (  24)                 AND   R6 R6 #0
(3008) 5802  0101100000000010 (  26) LOOP            AND   R4 R0 R2
(3009) 0401  0000010000000001 (  27)                 BRZ   NEXT
(300A) 1DA1  0001110110100001 (  28)                 ADD   R6 R6 #1
(300B) 1482  0001010010000010 (  30) NEXT            ADD   R2 R2 R2
(300C) 1FFF  0001111111111111 (  31)                 ADD   R7 R7 #-1
(300D) 03FA  0000001111111010 (  32)                 BRP   LOOP
(300E) E023  1110000000100011 (  36)                 LEA   R0 STR_OUT
(300F) F022  1111000000100010 (  37)                 TRAP  x22
(3010) 2204  0010001000000100 (  38)                 LD    R1 ASCII
(3011) 1181  0001000110000001 (  39)                 ADD   R0 R6 R1
(3012) F021  1111000000100001 (  40)                 TRAP  x21
(3013) 0E32  0000111000110010 (  41)                 BRNZP EXIT
(3014) 0008  0000000000001000 (  44) COUNT_REMAIN    .FILL x0008
(3015) 0030  0000000000110000 (  45) ASCII           .FILL x0030
(3016) 0049  0000000001001001 (  46) INPUT_STR       .FILL x0049
(3017) 006E  0000000001101110 (  46)                 .FILL x006E
(3018) 0070  0000000001110000 (  46)                 .FILL x0070
(3019) 0075  0000000001110101 (  46)                 .FILL x0075
(301A) 0074  0000000001110100 (  46)                 .FILL x0074
(301B) 0020  0000000000100000 (  46)                 .FILL x0020
(301C) 006F  0000000001101111 (  46)                 .FILL x006F
(301D) 006E  0000000001101110 (  46)                 .FILL x006E
(301E) 0065  0000000001100101 (  46)                 .FILL x0065
(301F) 0020  0000000000100000 (  46)                 .FILL x0020
(3020) 0041  0000000001000001 (  46)                 .FILL x0041
(3021) 0053  0000000001010011 (  46)                 .FILL x0053
(3022) 0043  0000000001000011 (  46)                 .FILL x0043
(3023) 0049  0000000001001001 (  46)                 .FILL x0049
(3024) 0049  0000000001001001 (  46)                 .FILL x0049
(3025) 0020  0000000000100000 (  46)                 .FILL x0020
(3026) 0063  0000000001100011 (  46)                 .FILL x0063
(3027) 0068  0000000001101000 (  46)                 .FILL x0068
(3028) 0061  0000000001100001 (  46)                 .FILL x0061
(3029) 0072  0000000001110010 (  46)                 .FILL x0072
(302A) 0061  0000000001100001 (  46)                 .FILL x0061
(302B) 0063  0000000001100011 (  46)                 .FILL x0063
(302C) 0074  0000000001110100 (  46)                 .FILL x0074
(302D) 0065  0000000001100101 (  46)                 .FILL x0065
(302E) 0072  0000000001110010 (  46)                 .FILL x0072
(302F) 003A  0000000000111010 (  46)                 .FILL x003A
(3030) 0020  0000000000100000 (  46)                 .FILL x0020
(3031) 0000  0000000000000000 (  46)                 .FILL x0000
(3032) 000A  0000000000001010 (  47) STR_OUT         .FILL x000A
(3033) 004E  0000000001001110 (  47)                 .FILL x004E
(3034) 0075  0000000001110101 (  47)                 .FILL x0075
(3035) 006D  0000000001101101 (  47)                 .FILL x006D
(3036) 0062  0000000001100010 (  47)                 .FILL x0062
(3037) 0065  0000000001100101 (  47)                 .FILL x0065
(3038) 0072  0000000001110010 (  47)                 .FILL x0072
(3039) 0020  0000000000100000 (  47)                 .FILL x0020
(303A) 006F  0000000001101111 (  47)                 .FILL x006F
(303B) 0066  0000000001100110 (  47)                 .FILL x0066
(303C) 0020  0000000000100000 (  47)                 .FILL x0020
(303D) 0031  0000000000110001 (  47)                 .FILL x0031
(303E) 0027  0000000000100111 (  47)                 .FILL x0027
(303F) 0073  0000000001110011 (  47)                 .FILL x0073
(3040) 0020  0000000000100000 (  47)                 .FILL x0020
(3041) 0069  0000000001101001 (  47)                 .FILL x0069
(3042) 0073  0000000001110011 (  47)                 .FILL x0073
(3043) 003A  0000000000111010 (  47)                 .FILL x003A
(3044) 0020  0000000000100000 (  47)                 .FILL x0020
(3045) 0000  0000000000000000 (  47)                 .FILL x0000
(3046) F025  1111000000100101 (  48) EXIT            TRAP  x25
