(0000) 3000  0011000000000000 (   5)                 .ORIG x3000
(3000) 221D  0010001000011101 (   6)                 LD    R1 ASCII_0
(3001) 927F  1001001001111111 (   7)                 NOT   R1 R1
(3002) 1261  0001001001100001 (   8)                 ADD   R1 R1 #1
(3003) F023  1111000000100011 (  10)                 TRAP  x23
(3004) 1401  0001010000000001 (  11)                 ADD   R2 R0 R1
(3005) F023  1111000000100011 (  13)                 TRAP  x23
(3006) 1601  0001011000000001 (  14)                 ADD   R3 R0 R1
(3007) 2017  0010000000010111 (  17)                 LD    R0 SAVE_ADDRESS
(3008) 7400  0111010000000000 (  18)                 STR   R2 R0 #0
(3009) 7601  0111011000000001 (  19)                 STR   R3 R0 #1
(300A) 7802  0111100000000010 (  20)                 STR   R4 R0 #2
(300B) E014  1110000000010100 (  23)                 LEA   R0 OUT_STR
(300C) F022  1111000000100010 (  24)                 TRAP  x22
(300D) 96FF  1001011011111111 (  27)                 NOT   R3 R3
(300E) 16E1  0001011011100001 (  28)                 ADD   R3 R3 #1
(300F) 1A83  0001101010000011 (  29)                 ADD   R5 R2 R3
(3010) 0609  0000011000001001 (  30)                 BRZP  PRINT
(3011) 2E0B  0010111000001011 (  31)                 LD    R7 MINUS
(3012) 11E0  0001000111100000 (  32)                 ADD   R0 R7 #0
(3013) F021  1111000000100001 (  33)                 TRAP  x21
(3014) 2E09  0010111000001001 (  35)                 LD    R7 ASCII_0
(3015) 9B7F  1001101101111111 (  36)                 NOT   R5 R5
(3016) 1B61  0001101101100001 (  37)                 ADD   R5 R5 #1
(3017) 1147  0001000101000111 (  38)                 ADD   R0 R5 R7
(3018) F021  1111000000100001 (  39)                 TRAP  x21
(3019) 0E0F  0000111000001111 (  40)                 BRNZP EXIT
(301A) 2E03  0010111000000011 (  43) PRINT           LD    R7 ASCII_0
(301B) 1147  0001000101000111 (  44)                 ADD   R0 R5 R7
(301C) F021  1111000000100001 (  45)                 TRAP  x21
(301D) 002D  0000000000101101 (  46) MINUS           .FILL x002D
(301E) 0030  0000000000110000 (  47) ASCII_0         .FILL x0030
(301F) 4000  0100000000000000 (  48) SAVE_ADDRESS    .FILL x4000
(3020) 0061  0000000001100001 (  49) OUT_STR         .FILL x0061
(3021) 0020  0000000000100000 (  49)                 .FILL x0020
(3022) 002D  0000000000101101 (  49)                 .FILL x002D
(3023) 0020  0000000000100000 (  49)                 .FILL x0020
(3024) 0062  0000000001100010 (  49)                 .FILL x0062
(3025) 0020  0000000000100000 (  49)                 .FILL x0020
(3026) 003D  0000000000111101 (  49)                 .FILL x003D
(3027) 0020  0000000000100000 (  49)                 .FILL x0020
(3028) 0000  0000000000000000 (  49)                 .FILL x0000
(3029) F025  1111000000100101 (  50) EXIT            TRAP  x25
