(0000) 3000  0011000000000000 (   5)                 .ORIG x3000
(3000) 2227  0010001000100111 (   7)                 LD    R1 ASCII_0
(3001) 927F  1001001001111111 (   8)                 NOT   R1 R1
(3002) 1261  0001001001100001 (   9)                 ADD   R1 R1 #1
(3003) F023  1111000000100011 (  12)                 TRAP  x23
(3004) 1401  0001010000000001 (  13)                 ADD   R2 R0 R1
(3005) F023  1111000000100011 (  15)                 TRAP  x23
(3006) 1601  0001011000000001 (  17)                 ADD   R3 R0 R1
(3007) E017  1110000000010111 (  20)                 LEA   R0 STR_OUT
(3008) F022  1111000000100010 (  21)                 TRAP  x22
(3009) 5920  0101100100100000 (  25)                 AND   R4 R4 #0
(300A) 14BF  0001010010111111 (  29) ITERATE_1       ADD   R2 R2 #-1
(300B) 0802  0000100000000010 (  30)                 BRN   CONTINUE
(300C) 1903  0001100100000011 (  31)                 ADD   R4 R4 R3
(300D) 0FFC  0000111111111100 (  32)                 BRNZP ITERATE_1
(300E) 54A0  0101010010100000 (  34) CONTINUE        AND   R2 R2 #0
(300F) 1936  0001100100110110 (  38) ITERATE_2       ADD   R4 R4 #-10
(3010) 0802  0000100000000010 (  39)                 BRN   TAKE
(3011) 14A1  0001010010100001 (  40)                 ADD   R2 R2 #1
(3012) 0FFC  0000111111111100 (  41)                 BRNZP ITERATE_2
(3013) 2214  0010001000010100 (  43) TAKE            LD    R1 ASCII_0
(3014) 172A  0001011100101010 (  44)                 ADD   R3 R4 #10
(3015) 14A0  0001010010100000 (  45)                 ADD   R2 R2 #0
(3016) 0405  0000010000000101 (  46)                 BRZ   OUTPUT_1_DIGITS
(3017) 1081  0001000010000001 (  47)                 ADD   R0 R2 R1
(3018) F021  1111000000100001 (  48)                 TRAP  x21
(3019) 10C1  0001000011000001 (  49)                 ADD   R0 R3 R1
(301A) F021  1111000000100001 (  50)                 TRAP  x21
(301B) 0E02  0000111000000010 (  51)                 BRNZP EXIT
(301C) 10E0  0001000011100000 (  53) OUTPUT_1_DIGITS ADD   R0 R3 #0
(301D) F021  1111000000100001 (  54)                 TRAP  x21
(301E) F025  1111000000100101 (  57) EXIT            TRAP  x25
(301F) 0061  0000000001100001 (  58) STR_OUT         .FILL x0061
(3020) 0020  0000000000100000 (  58)                 .FILL x0020
(3021) 0078  0000000001111000 (  58)                 .FILL x0078
(3022) 0020  0000000000100000 (  58)                 .FILL x0020
(3023) 0062  0000000001100010 (  58)                 .FILL x0062
(3024) 0020  0000000000100000 (  58)                 .FILL x0020
(3025) 003D  0000000000111101 (  58)                 .FILL x003D
(3026) 0020  0000000000100000 (  58)                 .FILL x0020
(3027) 0000  0000000000000000 (  58)                 .FILL x0000
(3028) 0030  0000000000110000 (  59) ASCII_0         .FILL x0030
