(0000) 3050  0011000001010000 (   1)                 .ORIG x3050
(3050) E01D  1110000000011101 (   2)                 LEA   R0 INPUT_NUMS
(3051) F022  1111000000100010 (   3)                 TRAP  x22
(3052) F020  1111000000100000 (   4)                 TRAP  x20
(3053) F021  1111000000100001 (   5)                 TRAP  x21
(3054) 225A  0010001001011010 (   7)                 LD    R1 ASCII_0
(3055) 1401  0001010000000001 (   8)                 ADD   R2 R0 R1
(3056) E044  1110000001000100 (   9)                 LEA   R0 INPUT_STR
(3057) F022  1111000000100010 (  10)                 TRAP  x22
(3058) F020  1111000000100000 (  12) INPUT_LOOP      TRAP  x20
(3059) F021  1111000000100001 (  13)                 TRAP  x21
(305A) 1A20  0001101000100000 (  14)                 ADD   R5 R0 #0
(305B) 5DA0  0101110110100000 (  15)                 AND   R6 R6 #0
(305C) 0E00  0000111000000000 (  16)                 BRNZP PROCESS
(305D) 2E52  0010111001010010 (  18) PROCESS         LD    R7 CHECK_INHOA
(305E) 1747  0001011101000111 (  19)                 ADD   R3 R5 R7
(305F) 0806  0000100000000110 (  20)                 BRN   CONVERT
(3060) 0200  0000001000000000 (  21)                 BRP   IN_CHU_THUONG
(3061) 1160  0001000101100000 (  23) IN_CHU_THUONG   ADD   R0 R5 #0
(3062) F021  1111000000100001 (  24)                 TRAP  x21
(3063) 14BF  0001010010111111 (  25)                 ADD   R2 R2 #-1
(3064) 03F3  0000001111110011 (  26)                 BRP   INPUT_LOOP
(3065) 0807  0000100000000111 (  27)                 BRN   EXIT
(3066) 224A  0010001001001010 (  29) CONVERT         LD    R1 CONVERT_NUMS
(3067) 1D41  0001110101000001 (  30)                 ADD   R6 R5 R1
(3068) 11A0  0001000110100000 (  31)                 ADD   R0 R6 #0
(3069) F021  1111000000100001 (  32)                 TRAP  x21
(306A) 14BF  0001010010111111 (  33)                 ADD   R2 R2 #-1
(306B) 03EC  0000001111101100 (  34)                 BRP   INPUT_LOOP
(306C) 0800  0000100000000000 (  35)                 BRN   EXIT
(306D) F025  1111000000100101 (  36) EXIT            TRAP  x25
(306E) 0044  0000000001000100 (  37) INPUT_NUMS      .FILL x0044
(306F) 0065  0000000001100101 (  37)                 .FILL x0065
(3070) 0066  0000000001100110 (  37)                 .FILL x0066
(3071) 0069  0000000001101001 (  37)                 .FILL x0069
(3072) 006E  0000000001101110 (  37)                 .FILL x006E
(3073) 0065  0000000001100101 (  37)                 .FILL x0065
(3074) 0020  0000000000100000 (  37)                 .FILL x0020
(3075) 006E  0000000001101110 (  37)                 .FILL x006E
(3076) 0075  0000000001110101 (  37)                 .FILL x0075
(3077) 006D  0000000001101101 (  37)                 .FILL x006D
(3078) 0062  0000000001100010 (  37)                 .FILL x0062
(3079) 0065  0000000001100101 (  37)                 .FILL x0065
(307A) 0072  0000000001110010 (  37)                 .FILL x0072
(307B) 0020  0000000000100000 (  37)                 .FILL x0020
(307C) 006F  0000000001101111 (  37)                 .FILL x006F
(307D) 0066  0000000001100110 (  37)                 .FILL x0066
(307E) 0020  0000000000100000 (  37)                 .FILL x0020
(307F) 0063  0000000001100011 (  37)                 .FILL x0063
(3080) 0068  0000000001101000 (  37)                 .FILL x0068
(3081) 0061  0000000001100001 (  37)                 .FILL x0061
(3082) 0072  0000000001110010 (  37)                 .FILL x0072
(3083) 0061  0000000001100001 (  37)                 .FILL x0061
(3084) 0063  0000000001100011 (  37)                 .FILL x0063
(3085) 0074  0000000001110100 (  37)                 .FILL x0074
(3086) 0065  0000000001100101 (  37)                 .FILL x0065
(3087) 0072  0000000001110010 (  37)                 .FILL x0072
(3088) 0073  0000000001110011 (  37)                 .FILL x0073
(3089) 0020  0000000000100000 (  37)                 .FILL x0020
(308A) 0069  0000000001101001 (  37)                 .FILL x0069
(308B) 006E  0000000001101110 (  37)                 .FILL x006E
(308C) 0020  0000000000100000 (  37)                 .FILL x0020
(308D) 0079  0000000001111001 (  37)                 .FILL x0079
(308E) 006F  0000000001101111 (  37)                 .FILL x006F
(308F) 0075  0000000001110101 (  37)                 .FILL x0075
(3090) 0072  0000000001110010 (  37)                 .FILL x0072
(3091) 0020  0000000000100000 (  37)                 .FILL x0020
(3092) 0073  0000000001110011 (  37)                 .FILL x0073
(3093) 0074  0000000001110100 (  37)                 .FILL x0074
(3094) 0072  0000000001110010 (  37)                 .FILL x0072
(3095) 0069  0000000001101001 (  37)                 .FILL x0069
(3096) 006E  0000000001101110 (  37)                 .FILL x006E
(3097) 0067  0000000001100111 (  37)                 .FILL x0067
(3098) 003A  0000000000111010 (  37)                 .FILL x003A
(3099) 0020  0000000000100000 (  37)                 .FILL x0020
(309A) 0000  0000000000000000 (  37)                 .FILL x0000
(309B) 000A  0000000000001010 (  38) INPUT_STR       .FILL x000A
(309C) 0053  0000000001010011 (  38)                 .FILL x0053
(309D) 0074  0000000001110100 (  38)                 .FILL x0074
(309E) 0061  0000000001100001 (  38)                 .FILL x0061
(309F) 0072  0000000001110010 (  38)                 .FILL x0072
(30A0) 0074  0000000001110100 (  38)                 .FILL x0074
(30A1) 0020  0000000000100000 (  38)                 .FILL x0020
(30A2) 0069  0000000001101001 (  38)                 .FILL x0069
(30A3) 006E  0000000001101110 (  38)                 .FILL x006E
(30A4) 0070  0000000001110000 (  38)                 .FILL x0070
(30A5) 0075  0000000001110101 (  38)                 .FILL x0075
(30A6) 0074  0000000001110100 (  38)                 .FILL x0074
(30A7) 0020  0000000000100000 (  38)                 .FILL x0020
(30A8) 0068  0000000001101000 (  38)                 .FILL x0068
(30A9) 0065  0000000001100101 (  38)                 .FILL x0065
(30AA) 0072  0000000001110010 (  38)                 .FILL x0072
(30AB) 0065  0000000001100101 (  38)                 .FILL x0065
(30AC) 003A  0000000000111010 (  38)                 .FILL x003A
(30AD) 0020  0000000000100000 (  38)                 .FILL x0020
(30AE) 0000  0000000000000000 (  38)                 .FILL x0000
(30AF) FFD0  1111111111010000 (  39) ASCII_0         .FILL xFFD0
(30B0) FFA5  1111111110100101 (  40) CHECK_INHOA     .FILL xFFA5
(30B1) 0020  0000000000100000 (  41) CONVERT_NUMS    .FILL x0020
