(0000) 3000  0011000000000000 (   1)                 .ORIG x3000
(3000) 5020  0101000000100000 (   3)                 AND   R0 R0 #0
(3001) 5B60  0101101101100000 (   4)                 AND   R5 R5 #0
(3002) 5DA0  0101110110100000 (   5)                 AND   R6 R6 #0
(3003) 102A  0001000000101010 (   6)                 ADD   R0 R0 #10
(3004) 221F  0010001000011111 (   7)                 LD    R1 MEM
(3005) 6440  0110010001000000 (   9) LOOP            LDR   R2 R1 #0
(3006) 040B  0000010000001011 (  10)                 BRZ   CHAN
(3007) 0804  0000100000000100 (  11)                 BRN   NEG
(3008) 14BE  0001010010111110 (  13) POS             ADD   R2 R2 #-2
(3009) 0806  0000100000000110 (  14)                 BRN   LE
(300A) 0407  0000010000000111 (  15)                 BRZ   CHAN
(300B) 0FFC  0000111111111100 (  16)                 BRNZP POS
(300C) 14A2  0001010010100010 (  18) NEG             ADD   R2 R2 #2
(300D) 0202  0000001000000010 (  19)                 BRP   LE
(300E) 0403  0000010000000011 (  20)                 BRZ   CHAN
(300F) 0FFC  0000111111111100 (  21)                 BRNZP NEG
(3010) 1B61  0001101101100001 (  23) LE              ADD   R5 R5 #1
(3011) 0E02  0000111000000010 (  24)                 BRNZP NEXT
(3012) 1DA1  0001110110100001 (  26) CHAN            ADD   R6 R6 #1
(3013) 0E00  0000111000000000 (  27)                 BRNZP NEXT
(3014) 1261  0001001001100001 (  30) NEXT            ADD   R1 R1 #1
(3015) 103F  0001000000111111 (  31)                 ADD   R0 R0 #-1
(3016) 03EE  0000001111101110 (  32)                 BRP   LOOP
(3017) 200D  0010000000001101 (  34)                 LD    R0 ASCII
(3018) 1006  0001000000000110 (  35)                 ADD   R0 R0 R6
(3019) F021  1111000000100001 (  36)                 TRAP  x21
(301A) E00C  1110000000001100 (  37)                 LEA   R0 MESG
(301B) F022  1111000000100010 (  38)                 TRAP  x22
(301C) 2009  0010000000001001 (  40)                 LD    R0 DOWN
(301D) F021  1111000000100001 (  41)                 TRAP  x21
(301E) 2006  0010000000000110 (  43)                 LD    R0 ASCII
(301F) 1005  0001000000000101 (  44)                 ADD   R0 R0 R5
(3020) F021  1111000000100001 (  45)                 TRAP  x21
(3021) E00E  1110000000001110 (  46)                 LEA   R0 MESG2
(3022) F022  1111000000100010 (  47)                 TRAP  x22
(3023) F025  1111000000100101 (  48)                 TRAP  x25
(3024) 3070  0011000001110000 (  50) MEM             .FILL x3070
(3025) 0030  0000000000110000 (  51) ASCII           .FILL x0030
(3026) 000D  0000000000001101 (  52) DOWN            .FILL x000D
(3027) 0020  0000000000100000 (  53) MESG            .FILL x0020
(3028) 0053  0000000001010011 (  53)                 .FILL x0053
(3029) 004F  0000000001001111 (  53)                 .FILL x004F
(302A) 0020  0000000000100000 (  53)                 .FILL x0020
(302B) 0043  0000000001000011 (  53)                 .FILL x0043
(302C) 0048  0000000001001000 (  53)                 .FILL x0048
(302D) 0041  0000000001000001 (  53)                 .FILL x0041
(302E) 004E  0000000001001110 (  53)                 .FILL x004E
(302F) 0000  0000000000000000 (  53)                 .FILL x0000
(3030) 0020  0000000000100000 (  54) MESG2           .FILL x0020
(3031) 0053  0000000001010011 (  54)                 .FILL x0053
(3032) 004F  0000000001001111 (  54)                 .FILL x004F
(3033) 0020  0000000000100000 (  54)                 .FILL x0020
(3034) 004C  0000000001001100 (  54)                 .FILL x004C
(3035) 0045  0000000001000101 (  54)                 .FILL x0045
(3036) 0000  0000000000000000 (  54)                 .FILL x0000
