(0000) 3000  0011000000000000 (   5)                 .ORIG x3000
(3000) 5FE0  0101111111100000 (   6)                 AND   R7 R7 #0
(3001) 5DA0  0101110110100000 (   7)                 AND   R6 R6 #0
(3002) 5B60  0101101101100000 (   8)                 AND   R5 R5 #0
(3003) 1B6A  0001101101101010 (   9)                 ADD   R5 R5 #10
(3004) 5260  0101001001100000 (  11)                 AND   R1 R1 #0
(3005) 241E  0010010000011110 (  12)                 LD    R2 BEGIN_ADD
(3006) 6680  0110011010000000 (  13)                 LDR   R3 R2 #0
(3007) 0E00  0000111000000000 (  14)                 BRNZP ITER_1
(3008) 18C3  0001100011000011 (  16) ITER_1          ADD   R4 R3 R3
(3009) 0204  0000001000000100 (  17)                 BRP   PROCESS_POSITIVE
(300A) 0809  0000100000001001 (  18)                 BRN   PROCESS_NEGATIVE
(300B) 1B7F  0001101101111111 (  19)                 ADD   R5 R5 #-1
(300C) 03FB  0000001111111011 (  20)                 BRP   ITER_1
(300D) 0E0B  0000111000001011 (  21)                 BRNZP PROCESS
(300E) 1FE1  0001111111100001 (  23) PROCESS_POSITIVE ADD   R7 R7 #1
(300F) 14A1  0001010010100001 (  24)                 ADD   R2 R2 #1
(3010) 6680  0110011010000000 (  25)                 LDR   R3 R2 #0
(3011) 13E0  0001001111100000 (  26)                 ADD   R1 R7 #0
(3012) 1B7F  0001101101111111 (  27)                 ADD   R5 R5 #-1
(3013) 03F4  0000001111110100 (  28)                 BRP   ITER_1
(3014) 1DA1  0001110110100001 (  30) PROCESS_NEGATIVE ADD   R6 R6 #1
(3015) 14A1  0001010010100001 (  31)                 ADD   R2 R2 #1
(3016) 6680  0110011010000000 (  32)                 LDR   R3 R2 #0
(3017) 1B7F  0001101101111111 (  33)                 ADD   R5 R5 #-1
(3018) 03EF  0000001111101111 (  34)                 BRP   ITER_1
(3019) E00B  1110000000001011 (  36) PROCESS         LEA   R0 OUT_STR1
(301A) F022  1111000000100010 (  37)                 TRAP  x22
(301B) 2E34  0010111000110100 (  38)                 LD    R7 ASCII_0
(301C) 1187  0001000110000111 (  39)                 ADD   R0 R6 R7
(301D) F021  1111000000100001 (  40)                 TRAP  x21
(301E) E01B  1110000000011011 (  41)                 LEA   R0 OUT_STR2
(301F) F022  1111000000100010 (  42)                 TRAP  x22
(3020) 2E2F  0010111000101111 (  43)                 LD    R7 ASCII_0
(3021) 1047  0001000001000111 (  44)                 ADD   R0 R1 R7
(3022) F021  1111000000100001 (  45)                 TRAP  x21
(3023) 0E2D  0000111000101101 (  46)                 BRNZP EXIT
(3024) 3100  0011000100000000 (  47) BEGIN_ADD       .FILL x3100
(3025) 004E  0000000001001110 (  48) OUT_STR1        .FILL x004E
(3026) 0075  0000000001110101 (  48)                 .FILL x0075
(3027) 006D  0000000001101101 (  48)                 .FILL x006D
(3028) 0062  0000000001100010 (  48)                 .FILL x0062
(3029) 0065  0000000001100101 (  48)                 .FILL x0065
(302A) 0072  0000000001110010 (  48)                 .FILL x0072
(302B) 0020  0000000000100000 (  48)                 .FILL x0020
(302C) 006F  0000000001101111 (  48)                 .FILL x006F
(302D) 0066  0000000001100110 (  48)                 .FILL x0066
(302E) 0020  0000000000100000 (  48)                 .FILL x0020
(302F) 006E  0000000001101110 (  48)                 .FILL x006E
(3030) 0065  0000000001100101 (  48)                 .FILL x0065
(3031) 0067  0000000001100111 (  48)                 .FILL x0067
(3032) 0061  0000000001100001 (  48)                 .FILL x0061
(3033) 0074  0000000001110100 (  48)                 .FILL x0074
(3034) 0069  0000000001101001 (  48)                 .FILL x0069
(3035) 0076  0000000001110110 (  48)                 .FILL x0076
(3036) 0065  0000000001100101 (  48)                 .FILL x0065
(3037) 003A  0000000000111010 (  48)                 .FILL x003A
(3038) 0020  0000000000100000 (  48)                 .FILL x0020
(3039) 0000  0000000000000000 (  48)                 .FILL x0000
(303A) 000A  0000000000001010 (  49) OUT_STR2        .FILL x000A
(303B) 004E  0000000001001110 (  49)                 .FILL x004E
(303C) 0075  0000000001110101 (  49)                 .FILL x0075
(303D) 006D  0000000001101101 (  49)                 .FILL x006D
(303E) 0062  0000000001100010 (  49)                 .FILL x0062
(303F) 0065  0000000001100101 (  49)                 .FILL x0065
(3040) 0072  0000000001110010 (  49)                 .FILL x0072
(3041) 0020  0000000000100000 (  49)                 .FILL x0020
(3042) 006F  0000000001101111 (  49)                 .FILL x006F
(3043) 0066  0000000001100110 (  49)                 .FILL x0066
(3044) 0020  0000000000100000 (  49)                 .FILL x0020
(3045) 0070  0000000001110000 (  49)                 .FILL x0070
(3046) 006F  0000000001101111 (  49)                 .FILL x006F
(3047) 0073  0000000001110011 (  49)                 .FILL x0073
(3048) 0069  0000000001101001 (  49)                 .FILL x0069
(3049) 0074  0000000001110100 (  49)                 .FILL x0074
(304A) 0069  0000000001101001 (  49)                 .FILL x0069
(304B) 0076  0000000001110110 (  49)                 .FILL x0076
(304C) 0065  0000000001100101 (  49)                 .FILL x0065
(304D) 003A  0000000000111010 (  49)                 .FILL x003A
(304E) 0020  0000000000100000 (  49)                 .FILL x0020
(304F) 0000  0000000000000000 (  49)                 .FILL x0000
(3050) 0030  0000000000110000 (  50) ASCII_0         .FILL x0030
(3051) F025  1111000000100101 (  51) EXIT            TRAP  x25
