(0000) 3000  0011000000000000 (   6)                 .ORIG x3000
(3000) F023  1111000000100011 (   7)                 TRAP  x23
(3001) 2220  0010001000100000 (   8)                 LD    R1 ASCII_0
(3002) 927F  1001001001111111 (   9)                 NOT   R1 R1
(3003) 1261  0001001001100001 (  10)                 ADD   R1 R1 #1
(3004) 1401  0001010000000001 (  11)                 ADD   R2 R0 R1
(3005) F023  1111000000100011 (  14)                 TRAP  x23
(3006) 1601  0001011000000001 (  15)                 ADD   R3 R0 R1
(3007) 1883  0001100010000011 (  16)                 ADD   R4 R2 R3
(3008) 201A  0010000000011010 (  20)                 LD    R0 SAVE_ADDRESS
(3009) 7400  0111010000000000 (  21)                 STR   R2 R0 #0
(300A) 7601  0111011000000001 (  22)                 STR   R3 R0 #1
(300B) 7802  0111100000000010 (  23)                 STR   R4 R0 #2
(300C) E00C  1110000000001100 (  27)                 LEA   R0 OUT_STR
(300D) F022  1111000000100010 (  28)                 TRAP  x22
(300E) 2E13  0010111000010011 (  31)                 LD    R7 ASCII_0
(300F) 1B36  0001101100110110 (  32)                 ADD   R5 R4 #-10
(3010) 0603  0000011000000011 (  33)                 BRZP  OUT_2_DIGITS
(3011) 1107  0001000100000111 (  34)                 ADD   R0 R4 R7
(3012) F021  1111000000100001 (  35)                 TRAP  x21
(3013) 0E10  0000111000010000 (  36)                 BRNZP EXIT
(3014) 11E1  0001000111100001 (  38) OUT_2_DIGITS    ADD   R0 R7 #1
(3015) F021  1111000000100001 (  39)                 TRAP  x21
(3016) 2E0B  0010111000001011 (  40)                 LD    R7 ASCII_0
(3017) 1147  0001000101000111 (  41)                 ADD   R0 R5 R7
(3018) F021  1111000000100001 (  42)                 TRAP  x21
(3019) 0061  0000000001100001 (  43) OUT_STR         .FILL x0061
(301A) 0020  0000000000100000 (  43)                 .FILL x0020
(301B) 002B  0000000000101011 (  43)                 .FILL x002B
(301C) 0020  0000000000100000 (  43)                 .FILL x0020
(301D) 0062  0000000001100010 (  43)                 .FILL x0062
(301E) 0020  0000000000100000 (  43)                 .FILL x0020
(301F) 003D  0000000000111101 (  43)                 .FILL x003D
(3020) 0020  0000000000100000 (  43)                 .FILL x0020
(3021) 0000  0000000000000000 (  43)                 .FILL x0000
(3022) 0030  0000000000110000 (  44) ASCII_0         .FILL x0030
(3023) 4000  0100000000000000 (  45) SAVE_ADDRESS    .FILL x4000
(3024) F025  1111000000100101 (  46) EXIT            TRAP  x25
